<?xml version="1.0" encoding="UTF-8"?>
<!-- Generated by org.testng.reporters.JUnitXMLReporter -->
<testsuite hostname="DESKTOP-TV86CNQ" name="Default test(failed)" tests="1" failures="1" timestamp="23 Jan 2021 03:42:50 GMT" time="160.473" errors="0">
  <testcase name="@AfterMethod browserclose" time="0.0" classname="org.testing.TestScripts.TC1">
    <failure type="java.lang.NullPointerException">
      <![CDATA[java.lang.NullPointerException
	at org.testing.TestScripts.TC1.browserclose(TC1.java:48)
... Removed 26 stack frames]]>
    </failure>
  </testcase> <!-- @AfterMethod browserclose -->
  <testcase name="login" time="0.042" classname="org.testing.TestScripts.TC1">
    <failure type="java.lang.NullPointerException">
      <![CDATA[java.lang.NullPointerException
	at org.testing.TestScripts.TC1.login(TC1.java:27)
... Removed 24 stack frames]]>
    </failure>
  </testcase> <!-- login -->
</testsuite> <!-- Default test(failed) -->
